<?xml version="1.0" encoding="utf-8"?>
<TestRun id="10001b43-995b-472e-b528-d3b4b092cb97" name="@pkrvmubgrv54qmi 2025-08-18 06:33:03" xmlns="http://microsoft.com/schemas/VisualStudio/TeamTest/2010">
  <Times creation="2025-08-18T06:33:03.4022874+00:00" queuing="2025-08-18T06:33:03.4022875+00:00" start="2025-08-18T06:33:02.5648058+00:00" finish="2025-08-18T06:33:03.4083514+00:00" />
  <TestSettings name="default" id="440d8213-c490-4a47-a76b-ba0849f1308d">
    <Deployment runDeploymentRoot="_pkrvmubgrv54qmi_2025-08-18_06_33_03" />
  </TestSettings>
  <Results>
    <UnitTestResult executionId="08284b1f-9553-4a36-bc0b-b181e0f28307" testId="43f84606-b6c5-64b7-bc6e-37de90b408da" testName="TestMyMiddlewareIntegration (100)" computerName="pkrvmubgrv54qmi" duration="00:00:00.1047684" startTime="2025-08-18T06:33:03.0324066+00:00" endTime="2025-08-18T06:33:03.2714075+00:00" testType="13cdc9d9-ddb5-4fa4-a97d-d965ccfc6d4b" outcome="Passed" testListId="8c84fa94-04c1-424b-9868-57a2d4851a1d" relativeResultsDirectory="08284b1f-9553-4a36-bc0b-b181e0f28307">
      <Output>
        <StdOut>06:33:03.13 INF Ctx: Microsoft.Hosting.Lifetime
06:33:03.13 INF Msg: Application started. Press Ctrl+C to shut down.
06:33:03.15 INF Ctx: Microsoft.Hosting.Lifetime
06:33:03.15 INF Msg: Hosting environment: Production
06:33:03.15 INF Ctx: Microsoft.Hosting.Lifetime
06:33:03.15 INF Msg: Content root path: /home/runner/work/BlackBytesBox.Serilog.AnsiConsoleThemes/BlackBytesBox.Serilog.AnsiConsoleThemes/source/BlackBytesBox.Serilog.AnsiConsoleThemes/BlackBytesBox.Serilog.AnsiConsoleThemes.Tests/bin/Release/net9.0
06:33:03.27 INF Ctx: Microsoft.Hosting.Lifetime
06:33:03.27 INF Msg: Application is shutting down...</StdOut>
      </Output>
    </UnitTestResult>
  </Results>
  <TestDefinitions>
    <UnitTest name="TestMyMiddlewareIntegration (100)" storage="/home/runner/work/blackbytesbox.serilog.ansiconsolethemes/blackbytesbox.serilog.ansiconsolethemes/source/blackbytesbox.serilog.ansiconsolethemes/blackbytesbox.serilog.ansiconsolethemes.tests/bin/release/net9.0/blackbytesbox.serilog.ansiconsolethemes.tests.dll" id="43f84606-b6c5-64b7-bc6e-37de90b408da">
      <Execution id="08284b1f-9553-4a36-bc0b-b181e0f28307" />
      <TestMethod codeBase="/home/runner/work/BlackBytesBox.Serilog.AnsiConsoleThemes/BlackBytesBox.Serilog.AnsiConsoleThemes/source/BlackBytesBox.Serilog.AnsiConsoleThemes/BlackBytesBox.Serilog.AnsiConsoleThemes.Tests/bin/Release/net9.0/BlackBytesBox.Serilog.AnsiConsoleThemes.Tests.dll" adapterTypeName="executor://mstestadapter/v2" className="BlackBytesBox.Serilog.AnsiConsoleThemes.Tests.VisualInspecionTest" name="TestMyMiddlewareIntegration" />
    </UnitTest>
  </TestDefinitions>
  <TestEntries>
    <TestEntry testId="43f84606-b6c5-64b7-bc6e-37de90b408da" executionId="08284b1f-9553-4a36-bc0b-b181e0f28307" testListId="8c84fa94-04c1-424b-9868-57a2d4851a1d" />
  </TestEntries>
  <TestLists>
    <TestList name="Results Not in a List" id="8c84fa94-04c1-424b-9868-57a2d4851a1d" />
    <TestList name="All Loaded Results" id="19431567-8539-422a-85d7-44ee4e166bda" />
  </TestLists>
  <ResultSummary outcome="Completed">
    <Counters total="1" executed="1" passed="1" failed="0" error="0" timeout="0" aborted="0" inconclusive="0" passedButRunAborted="0" notRunnable="0" notExecuted="0" disconnected="0" warning="0" completed="0" inProgress="0" pending="0" />
    <Output>
      <StdOut>Test Parallelization enabled for /home/runner/work/BlackBytesBox.Serilog.AnsiConsoleThemes/BlackBytesBox.Serilog.AnsiConsoleThemes/source/BlackBytesBox.Serilog.AnsiConsoleThemes/BlackBytesBox.Serilog.AnsiConsoleThemes.Tests/bin/Release/net9.0/BlackBytesBox.Serilog.AnsiConsoleThemes.Tests.dll (Workers: 4, Scope: MethodLevel)
</StdOut>
    </Output>
  </ResultSummary>
</TestRun>